[debug] [2021-07-27T00:08:06.618Z] ----------------------------------------------------------------------
[debug] [2021-07-27T00:08:06.625Z] Command:       C:\Program Files\nodejs\node.exe C:\Users\full\AppData\Roaming\npm\node_modules\firebase-tools\lib\bin\firebase.js init
[debug] [2021-07-27T00:08:06.626Z] CLI Version:   9.16.0
[debug] [2021-07-27T00:08:06.626Z] Platform:      win32
[debug] [2021-07-27T00:08:06.626Z] Node Version:  v14.17.3
[debug] [2021-07-27T00:08:06.630Z] Time:          Mon Jul 26 2021 20:08:06 GMT-0400 (hora de Venezuela)
[debug] [2021-07-27T00:08:06.630Z] ----------------------------------------------------------------------
[debug] 
[debug] [2021-07-27T00:08:06.657Z] > command requires scopes: ["email","openid","https://www.googleapis.com/auth/cloudplatformprojects.readonly","https://www.googleapis.com/auth/firebase","https://www.googleapis.com/auth/cloud-platform"]
[debug] [2021-07-27T00:08:06.658Z] > authorizing via signed-in user (andrescoronalugo@gmail.com)
[info] 
     ######## #### ########  ######## ########     ###     ######  ########
     ##        ##  ##     ## ##       ##     ##  ##   ##  ##       ##
     ######    ##  ########  ######   ########  #########  ######  ######
     ##        ##  ##    ##  ##       ##     ## ##     ##       ## ##
     ##       #### ##     ## ######## ########  ##     ##  ######  ########

You're about to initialize a Firebase project in this directory:

  C:\Users\full\Desktop\rombo

[info] 
=== Project Setup
[info] 
[info] First, let's associate this project directory with a Firebase project.
[info] You can create multiple project aliases by running firebase use --add, 
[info] but for now we'll just set up a default project.
[info] 
[debug] [2021-07-27T00:09:14.940Z] >>> [apiv2][query] GET https://firebase.googleapis.com/v1beta1/projects pageSize=100
[debug] [2021-07-27T00:09:15.599Z] <<< [apiv2][status] GET https://firebase.googleapis.com/v1beta1/projects 200
[debug] [2021-07-27T00:09:15.599Z] <<< [apiv2][body] GET https://firebase.googleapis.com/v1beta1/projects [omitted]
[info] i  Using project rombo-agency (Rombo Agency) 
[info] 
=== Hosting Setup
[info] 
[info] Your public directory is the folder (relative to your project directory) that
[info] will contain Hosting assets to be uploaded with firebase deploy. If you
[info] have a build process for your assets, use your build's output directory.
[info] 
[debug] [2021-07-27T00:09:55.540Z] >>> [apiv2][query] GET https://www.gstatic.com/firebasejs/releases.json [none]
[debug] [2021-07-27T00:09:57.768Z] <<< [apiv2][status] GET https://www.gstatic.com/firebasejs/releases.json 200
[debug] [2021-07-27T00:09:57.768Z] <<< [apiv2][body] GET https://www.gstatic.com/firebasejs/releases.json {"current":{"version":"8.8.0","browserURL":"https://www.gstatic.com/firebasejs/8.8.0/firebase.js","packageURL":"https://www.gstatic.com/firebasejs/8.8.0/firebase.tgz"},"live":{"version":"8.8","browserURL":"https://www.gstatic.com/firebasejs/live/8.8/firebase.js","packageURL":"https://www.gstatic.com/firebasejs/live/8.8/firebase.tgz"},"components":{"analytics":"https://www.gstatic.com/firebasejs/8.8.0/firebase-analytics.js","app":"https://www.gstatic.com/firebasejs/8.8.0/firebase-app.js","app-check":"https://www.gstatic.com/firebasejs/8.8.0/firebase-app-check.js","auth":"https://www.gstatic.com/firebasejs/8.8.0/firebase-auth.js","database":"https://www.gstatic.com/firebasejs/8.8.0/firebase-database.js","firestore":"https://www.gstatic.com/firebasejs/8.8.0/firebase-firestore.js","functions":"https://www.gstatic.com/firebasejs/8.8.0/firebase-functions.js","installations":"https://www.gstatic.com/firebasejs/8.8.0/firebase-installations.js","messaging":"https://www.gstatic.com/firebasejs/8.8.0/firebase-messaging.js","storage":"https://www.gstatic.com/firebasejs/8.8.0/firebase-storage.js","performance":"https://www.gstatic.com/firebasejs/8.8.0/firebase-performance.js","remote-config":"https://www.gstatic.com/firebasejs/8.8.0/firebase-remote-config.js","firestore.memory":"https://www.gstatic.com/firebasejs/8.8.0/firebase-firestore.memory.js"}}
[info] +  Wrote public/index.html 
[info] 
[info] i  Detected a .git folder at C:\Users\full 
[info] i  Authorizing with GitHub to upload your service account to a GitHub repository's secrets store. 
[info] 
[info] Visit this URL on this device to log in:
[info] https://github.com/login/oauth/authorize?client_id=89cf50f02ac6aaed3484&state=522957298&redirect_uri=http%3A%2F%2Flocalhost%3A9005&scope=read%3Auser%20repo%20public_repo
[info] 
[info] Waiting for authentication...
[debug] [2021-07-27T00:10:21.673Z] >>> HTTP REQUEST POST https://github.com/login/oauth/access_token  
 {"client_id":"89cf50f02ac6aaed3484","client_secret":"3330d14abc895d9a74d5f17cd7a00711fa2c5bf0","code":"cd87c4e539320377fbd3","redirect_uri":"http://localhost:9005","state":"522957298"}
[debug] [2021-07-27T00:10:22.700Z] <<< HTTP RESPONSE 200 {"server":"GitHub.com","date":"Tue, 27 Jul 2021 00:10:21 GMT","content-type":"application/json; charset=utf-8","transfer-encoding":"chunked","vary":"X-PJAX, Accept-Encoding, Accept, X-Requested-With","permissions-policy":"interest-cohort=()","etag":"W/\"4ee600b51b40acff8c5737c459d3fbce\"","cache-control":"max-age=0, private, must-revalidate","strict-transport-security":"max-age=31536000; includeSubdomains; preload","x-frame-options":"deny","x-content-type-options":"nosniff","x-xss-protection":"0","referrer-policy":"origin-when-cross-origin, strict-origin-when-cross-origin","expect-ct":"max-age=2592000, report-uri=\"https://api.github.com/_private/browser/errors\"","content-security-policy":"default-src 'none'; base-uri 'self'; block-all-mixed-content; connect-src 'self' uploads.github.com www.githubstatus.com collector.githubapp.com api.github.com github-cloud.s3.amazonaws.com github-production-repository-file-5c1aeb.s3.amazonaws.com github-production-upload-manifest-file-7fdce7.s3.amazonaws.com github-production-user-asset-6210df.s3.amazonaws.com cdn.optimizely.com logx.optimizely.com/v1/events translator.github.com wss://alive.github.com; font-src github.githubassets.com; form-action 'self' github.com gist.github.com; frame-ancestors 'none'; frame-src render.githubusercontent.com render-temp.githubusercontent.com viewscreen.githubusercontent.com; img-src 'self' data: github.githubassets.com identicons.github.com collector.githubapp.com github-cloud.s3.amazonaws.com secured-user-images.githubusercontent.com/ *.githubusercontent.com; manifest-src 'self'; media-src 'none'; script-src github.githubassets.com; style-src 'unsafe-inline' github.githubassets.com; worker-src github.com/socket-worker-3f088aa2.js gist.github.com/socket-worker-3f088aa2.js","x-github-request-id":"6B67:20A1:DFE04:137674:60FF4EED"}
[debug] [2021-07-27T00:10:22.713Z] >>> [apiv2][query] GET https://api.github.com/user [none]
[debug] [2021-07-27T00:10:24.958Z] <<< [apiv2][status] GET https://api.github.com/user 200
[debug] [2021-07-27T00:10:24.959Z] <<< [apiv2][body] GET https://api.github.com/user {"login":"Josecoronal","id":64044718,"node_id":"MDQ6VXNlcjY0MDQ0NzE4","avatar_url":"https://avatars.githubusercontent.com/u/64044718?v=4","gravatar_id":"","url":"https://api.github.com/users/Josecoronal","html_url":"https://github.com/Josecoronal","followers_url":"https://api.github.com/users/Josecoronal/followers","following_url":"https://api.github.com/users/Josecoronal/following{/other_user}","gists_url":"https://api.github.com/users/Josecoronal/gists{/gist_id}","starred_url":"https://api.github.com/users/Josecoronal/starred{/owner}{/repo}","subscriptions_url":"https://api.github.com/users/Josecoronal/subscriptions","organizations_url":"https://api.github.com/users/Josecoronal/orgs","repos_url":"https://api.github.com/users/Josecoronal/repos","events_url":"https://api.github.com/users/Josecoronal/events{/privacy}","received_events_url":"https://api.github.com/users/Josecoronal/received_events","type":"User","site_admin":false,"name":"José Andrés Corona Lugo","company":"Freelancer","blog":"","location":"Venezuela","email":null,"hireable":null,"bio":null,"twitter_username":"josecoronal","public_repos":4,"public_gists":0,"followers":0,"following":0,"created_at":"2020-04-20T21:37:33Z","updated_at":"2021-07-27T00:10:19Z","private_gists":0,"total_private_repos":0,"owned_private_repos":0,"disk_usage":4256,"collaborators":0,"two_factor_authentication":false,"plan":{"name":"free","space":976562499,"collaborators":0,"private_repos":10000}}
[info] 
[info] +  Success! Logged into GitHub as Josecoronal 
[info] 
[debug] [2021-07-27T00:11:14.823Z] >>> [apiv2][query] GET https://api.github.com/repos/romboagency/actions/secrets/public-key type=owner
[debug] [2021-07-27T00:11:16.650Z] <<< [apiv2][status] GET https://api.github.com/repos/romboagency/actions/secrets/public-key 404
[debug] [2021-07-27T00:11:16.651Z] <<< [apiv2][body] GET https://api.github.com/repos/romboagency/actions/secrets/public-key {"message":"Not Found","documentation_url":"https://docs.github.com/rest"}
[debug] [2021-07-27T00:11:18.838Z] >>> [apiv2][query] GET https://api.github.com/repos//actions/secrets/public-key type=owner
[debug] [2021-07-27T00:11:19.755Z] <<< [apiv2][status] GET https://api.github.com/repos//actions/secrets/public-key 404
[debug] [2021-07-27T00:11:19.756Z] <<< [apiv2][body] GET https://api.github.com/repos//actions/secrets/public-key {"message":"Not Found","documentation_url":"https://docs.github.com/rest"}
[debug] [2021-07-27T00:11:24.213Z] >>> [apiv2][query] GET https://api.github.com/repos//actions/secrets/public-key type=owner
[debug] [2021-07-27T00:11:24.680Z] <<< [apiv2][status] GET https://api.github.com/repos//actions/secrets/public-key 404
[debug] [2021-07-27T00:11:24.680Z] <<< [apiv2][body] GET https://api.github.com/repos//actions/secrets/public-key {"message":"Not Found","documentation_url":"https://docs.github.com/rest"}
[debug] [2021-07-27T00:11:37.357Z] >>> [apiv2][query] GET https://api.github.com/repos/repository/actions/secrets/public-key type=owner
[debug] [2021-07-27T00:11:38.107Z] <<< [apiv2][status] GET https://api.github.com/repos/repository/actions/secrets/public-key 404
[debug] [2021-07-27T00:11:38.107Z] <<< [apiv2][body] GET https://api.github.com/repos/repository/actions/secrets/public-key {"message":"Not Found","documentation_url":"https://docs.github.com/rest"}
[debug] [2021-07-27T00:11:49.773Z] >>> [apiv2][query] GET https://api.github.com/repos//actions/secrets/public-key type=owner
[debug] [2021-07-27T00:11:51.010Z] <<< [apiv2][status] GET https://api.github.com/repos//actions/secrets/public-key 404
[debug] [2021-07-27T00:11:51.011Z] <<< [apiv2][body] GET https://api.github.com/repos//actions/secrets/public-key {"message":"Not Found","documentation_url":"https://docs.github.com/rest"}
